<?xml version="1.0" encoding="UTF-8"?>
<!-- Generated by org.testng.reporters.JUnitReportReporter -->
<testsuite hostname="DESKTOP-GJ6D9AP" failures="0" tests="3" name="practisingtestng.HandlingDependencies" time="0.009" errors="0" timestamp="2023-03-01T11:16:52 IST" skipped="0">
  <testcase classname="practisingtestng.HandlingDependencies" name="returnexcel" time="0.001"/>
  <system-out/>
  <testcase classname="practisingtestng.HandlingDependencies" name="bahvtest" time="0.005"/>
  <system-out/>
  <testcase classname="practisingtestng.HandlingDependencies" name="volumeexcel" time="0.003"/>
  <system-out/>
</testsuite> <!-- practisingtestng.HandlingDependencies -->
