<?xml version="1.0" encoding="UTF-8"?>
<!-- Generated by org.testng.reporters.JUnitReportReporter -->
<testsuite hostname="DESKTOP-GJ6D9AP" failures="0" tests="3" name="practisingtestng.SkippingTest" time="0.002" errors="0" timestamp="2023-03-01T11:16:52 IST" skipped="1">
  <testcase classname="practisingtestng.SkippingTest" name="sanitytest" time="0.000"/>
  <system-out/>
  <testcase classname="practisingtestng.SkippingTest" name="regressiontest" time="0.002"/>
  <system-out/>
  <testcase classname="practisingtestng.SkippingTest" name="failurestestcase">
    <skipped/>
  </testcase> <!-- failurestestcase -->
  <system-out/>
</testsuite> <!-- practisingtestng.SkippingTest -->
