<?xml version="1.0" encoding="UTF-8"?>
<!-- Generated by org.testng.reporters.JUnitReportReporter -->
<testsuite hostname="DESKTOP-GJ6D9AP" failures="0" tests="1" name="practisingtestng.ParallelExecution" time="9.988" errors="0" timestamp="2023-03-01T15:03:06 IST" skipped="0">
  <testcase classname="practisingtestng.ParallelExecution" name="orangehrm" time="9.988"/>
  <system-out/>
</testsuite> <!-- practisingtestng.ParallelExecution -->
