<?xml version="1.0" encoding="UTF-8"?>
<!-- Generated by org.testng.reporters.JUnitReportReporter -->
<testsuite hostname="DESKTOP-GJ6D9AP" failures="0" tests="3" name="practisingtestng.GroupingTestingCases" time="0.008" errors="0" timestamp="2023-03-01T11:24:04 IST" skipped="0">
  <testcase classname="practisingtestng.GroupingTestingCases" name="Net" time="0.006"/>
  <system-out/>
  <testcase classname="practisingtestng.GroupingTestingCases" name="pyton" time="0.001"/>
  <system-out/>
  <testcase classname="practisingtestng.GroupingTestingCases" name="java" time="0.001"/>
  <system-out/>
</testsuite> <!-- practisingtestng.GroupingTestingCases -->
