<?xml version="1.0" encoding="UTF-8"?>
<!-- Generated by org.testng.reporters.JUnitReportReporter -->
<testsuite hostname="DESKTOP-GJ6D9AP" failures="0" tests="3" name="practisingtestng.SetPriority" time="0.002" errors="0" timestamp="2023-03-01T11:16:52 IST" skipped="0">
  <testcase classname="practisingtestng.SetPriority" name="games" time="0.000"/>
  <system-out/>
  <testcase classname="practisingtestng.SetPriority" name="learning" time="0.001"/>
  <system-out/>
  <testcase classname="practisingtestng.SetPriority" name="food" time="0.001"/>
  <system-out/>
</testsuite> <!-- practisingtestng.SetPriority -->
