<?xml version="1.0" encoding="UTF-8"?>
<!-- Generated by org.testng.reporters.JUnitReportReporter -->
<testsuite hostname="DESKTOP-GJ6D9AP" failures="0" tests="2" name="practisingtestng.SuiteTest" time="11.888" errors="0" timestamp="2023-03-01T11:16:52 IST" skipped="0">
  <testcase classname="practisingtestng.SuiteTest" name="yahoo" time="10.702"/>
  <system-out/>
  <testcase classname="practisingtestng.SuiteTest" name="google" time="1.186"/>
  <system-out/>
</testsuite> <!-- practisingtestng.SuiteTest -->
