<?xml version="1.0" encoding="UTF-8"?>
<!-- Generated by org.testng.reporters.JUnitReportReporter -->
<testsuite hostname="DESKTOP-GJ6D9AP" failures="0" tests="1" name="practisingtestng.ParameterizationCases" time="9.275" errors="0" timestamp="2023-03-01T11:34:49 IST" skipped="0">
  <testcase classname="practisingtestng.ParameterizationCases" name="orangehrm" time="9.275"/>
  <system-out/>
</testsuite> <!-- practisingtestng.ParameterizationCases -->
